Virtual User Script started at: 23/01/2018 10:32:15
Starting action vuser_init.
Web Turbo Replay of LoadRunner 12.55.0 for Windows 10; build 911 (Jul 24 2017 19:46:00)  	[MsgId: MMSG-26983]
Run mode: HTML  	[MsgId: MMSG-26993]
Replay user agent: Mozilla/5.0 (Windows NT 10.0; WOW64; Trident/7.0; Touch; rv:11.0) like Gecko  	[MsgId: MMSG-26988]
Run-Time Settings file: "D:\Project\POC_Scripts\Devops_app\Presto_Employee_WithdrawMoney\\default.cfg"  	[MsgId: MMSG-27141]
Starting to download the proxy automatic configuration script, URL="http://sgnautoproxy.sgn.ssegroup.net:8008/sgntestproxy-BlueCoat.dat"  	[MsgId: MMSG-27097]
Proxy automatic configuration script (URL="http://sgnautoproxy.sgn.ssegroup.net:8008/sgntestproxy-BlueCoat.dat") downloaded and evaluated successfully  	[MsgId: MMSG-27096]
Ending action vuser_init.
Running Vuser...
Starting iteration 1.
Maximum number of concurrent connections per server: 6  	[MsgId: MMSG-26989]
Starting action Action.
Action.c(11): Notify: Transaction "Presto_Employee_01_HomePage" started.
Action.c(13): web_url("Presto") started  	[MsgId: MMSG-26355]
Action.c(13): web_url("Presto") was successful, 6874 body bytes, 249 header bytes  	[MsgId: MMSG-26386]
Action.c(22): web_url("favicon.ico") started  	[MsgId: MMSG-26355]
Action.c(22): web_url("favicon.ico") was successful, 1510 body bytes, 255 header bytes  	[MsgId: MMSG-26386]
Action.c(30): Notify: Transaction "Presto_Employee_01_HomePage" ended with a "Pass" status (Duration: 1.1519 Wasted Time: 0.1485).
Action.c(34): Notify: Transaction "Presto_Employee_02_ClickLoginLink" started.
Action.c(36): web_url("Login Portal") started  	[MsgId: MMSG-26355]
Action.c(36): web_url("Login Portal") was successful, 4038 body bytes, 168 header bytes  	[MsgId: MMSG-26386]
Action.c(45): web_url("login.css") started  	[MsgId: MMSG-26355]
Action.c(45): web_url("login.css") was successful, 776 body bytes, 249 header bytes  	[MsgId: MMSG-26386]
Action.c(53): Notify: Transaction "Presto_Employee_02_ClickLoginLink" ended with a "Pass" status (Duration: 0.4539 Wasted Time: 0.0320).
Action.c(57): Notify: Transaction "Presto_Employee_03_SelectUser" started.
Action.c(59): web_url("login.jsp") started  	[MsgId: MMSG-26355]
Action.c(59): web_url("login.jsp") was successful, 4340 body bytes, 168 header bytes  	[MsgId: MMSG-26386]
Action.c(68): Notify: Transaction "Presto_Employee_03_SelectUser" ended with a "Pass" status (Duration: 0.2619 Wasted Time: 0.0167).
Action.c(70): Notify: Transaction "Presto_Employee_04_Login" started.
Action.c(73): web_reg_find started  	[MsgId: MMSG-26355]
Action.c(73): Registering web_reg_find was successful  	[MsgId: MMSG-26390]
Action.c(78): web_submit_data("emplogin") started  	[MsgId: MMSG-26355]
Action.c(78): Redirecting "http://35.162.119.3/Presto/emp/emplogin" (redirection depth is 0)  	[MsgId: MMSG-26694]
Action.c(78): To location "http://35.162.119.3/Presto/emp/welcome.jsp"  	[MsgId: MMSG-26693]
Action.c(78): Registered web_reg_find successful for "Text=Welcome,mgr1" (count=1)  	[MsgId: MMSG-26364]
Action.c(78): web_submit_data("emplogin") was successful, 5861 body bytes, 332 header bytes  	[MsgId: MMSG-26386]
Action.c(91): Notify: Transaction "Presto_Employee_04_Login" ended with a "Pass" status (Duration: 0.6949 Wasted Time: 0.0218).
Action.c(164): Notify: Transaction "Presto_Employee_05_WithdrawMoney_Link" started.
Action.c(167): web_reg_find started  	[MsgId: MMSG-26355]
Action.c(167): Registering web_reg_find was successful  	[MsgId: MMSG-26390]
Action.c(172): web_url("Withdrawn Amount") started  	[MsgId: MMSG-26355]
Action.c(172): Registered web_reg_find successful for "Text=Withdraw Amount From Client Account" (count=1)  	[MsgId: MMSG-26364]
Action.c(172): web_url("Withdrawn Amount") was successful, 5040 body bytes, 168 header bytes  	[MsgId: MMSG-26386]
Action.c(181): Notify: Transaction "Presto_Employee_05_WithdrawMoney_Link" ended with a "Pass" status (Duration: 0.2709 Wasted Time: 0.0258).
Action.c(185): Notify: Transaction "Presto_Employee_06_WithdrawMoney" started.
Action.c(187): web_reg_find started  	[MsgId: MMSG-26355]
Action.c(187): Registering web_reg_find was successful  	[MsgId: MMSG-26390]
Action.c(193): web_submit_data("withdrawn") started  	[MsgId: MMSG-26355]
Action.c(193): Registered web_reg_find successful for "Text=Withdrwan Successfully" (count=1)  	[MsgId: MMSG-26364]
Action.c(193): web_submit_data("withdrawn") was successful, 5266 body bytes, 168 header bytes  	[MsgId: MMSG-26386]
Action.c(207): web_reg_find started  	[MsgId: MMSG-26355]
Action.c(207): Registering web_reg_find was successful  	[MsgId: MMSG-26390]
Action.c(212): web_url("welcome.jsp_2") started  	[MsgId: MMSG-26355]
Action.c(212): Registered web_reg_find successful for "Text=Your Last Login was at" (count=1)  	[MsgId: MMSG-26364]
Action.c(212): web_url("welcome.jsp_2") was successful, 5861 body bytes, 168 header bytes  	[MsgId: MMSG-26386]
Action.c(221): Notify: Transaction "Presto_Employee_06_WithdrawMoney" ended with a "Pass" status (Duration: 1.3590 Wasted Time: 0.0578).
Action.c(225): Notify: Transaction "Presto_Employee_07_logout" started.
Action.c(227): web_url("Logout") started  	[MsgId: MMSG-26355]
Action.c(227): Redirecting "http://35.162.119.3/Presto/emp/logout.action" (redirection depth is 0)  	[MsgId: MMSG-26694]
Action.c(227): To location "http://35.162.119.3/Presto/login-portal.jsp"  	[MsgId: MMSG-26693]
Action.c(227): web_url("Logout") was successful, 4038 body bytes, 333 header bytes  	[MsgId: MMSG-26386]
Action.c(236): Notify: Transaction "Presto_Employee_07_logout" ended with a "Pass" status (Duration: 0.9879 Wasted Time: 0.0217).
Ending action Action.
Ending iteration 1.
Ending Vuser...
Starting action vuser_end.
Ending action vuser_end.
Vuser Terminated.
