Virtual User Script started at: 23/01/2018 10:35:37
Starting action vuser_init.
Web Turbo Replay of LoadRunner 12.55.0 for Windows 10; build 911 (Jul 24 2017 19:46:00)  	[MsgId: MMSG-26983]
Run mode: HTML  	[MsgId: MMSG-26993]
Replay user agent: Mozilla/5.0 (Windows NT 10.0; WOW64; Trident/7.0; Touch; rv:11.0) like Gecko  	[MsgId: MMSG-26988]
Run-Time Settings file: "D:\Project\POC_Scripts\Devops_app\Presto_Employee_DepositMoney\\default.cfg"  	[MsgId: MMSG-27141]
Starting to download the proxy automatic configuration script, URL="http://sgnautoproxy.sgn.ssegroup.net:8008/sgntestproxy-BlueCoat.dat"  	[MsgId: MMSG-27097]
Proxy automatic configuration script (URL="http://sgnautoproxy.sgn.ssegroup.net:8008/sgntestproxy-BlueCoat.dat") downloaded and evaluated successfully  	[MsgId: MMSG-27096]
Ending action vuser_init.
Running Vuser...
Starting iteration 1.
Maximum number of concurrent connections per server: 6  	[MsgId: MMSG-26989]
Starting action Action.
Action.c(11): Notify: Transaction "Presto_Employee_01_HomePage" started.
Action.c(13): web_url("Presto") started  	[MsgId: MMSG-26355]
Action.c(13): web_url("Presto") was successful, 6874 body bytes, 249 header bytes  	[MsgId: MMSG-26386]
Action.c(22): web_url("favicon.ico") started  	[MsgId: MMSG-26355]
Action.c(22): web_url("favicon.ico") was successful, 1510 body bytes, 255 header bytes  	[MsgId: MMSG-26386]
Action.c(30): Notify: Transaction "Presto_Employee_01_HomePage" ended with a "Pass" status (Duration: 1.1650 Wasted Time: 0.3367).
Action.c(34): Notify: Transaction "Presto_Employee_02_ClickLoginLink" started.
Action.c(36): web_url("Login Portal") started  	[MsgId: MMSG-26355]
Action.c(36): web_url("Login Portal") was successful, 4038 body bytes, 168 header bytes  	[MsgId: MMSG-26386]
Action.c(45): web_url("login.css") started  	[MsgId: MMSG-26355]
Action.c(45): web_url("login.css") was successful, 776 body bytes, 249 header bytes  	[MsgId: MMSG-26386]
Action.c(53): Notify: Transaction "Presto_Employee_02_ClickLoginLink" ended with a "Pass" status (Duration: 0.4887 Wasted Time: 0.0370).
Action.c(57): Notify: Transaction "Presto_Employee_03_SelectUser" started.
Action.c(59): web_url("login.jsp") started  	[MsgId: MMSG-26355]
Action.c(59): web_url("login.jsp") was successful, 4340 body bytes, 168 header bytes  	[MsgId: MMSG-26386]
Action.c(68): Notify: Transaction "Presto_Employee_03_SelectUser" ended with a "Pass" status (Duration: 0.3019 Wasted Time: 0.0214).
Action.c(70): Notify: Transaction "Presto_Employee_04_Login" started.
Action.c(72): web_reg_find started  	[MsgId: MMSG-26355]
Action.c(72): Registering web_reg_find was successful  	[MsgId: MMSG-26390]
Action.c(77): web_submit_data("emplogin") started  	[MsgId: MMSG-26355]
Action.c(77): Redirecting "http://35.162.119.3/Presto/emp/emplogin" (redirection depth is 0)  	[MsgId: MMSG-26694]
Action.c(77): To location "http://35.162.119.3/Presto/emp/welcome.jsp"  	[MsgId: MMSG-26693]
Action.c(77): Registered web_reg_find successful for "Text=Welcome,mgr1" (count=1)  	[MsgId: MMSG-26364]
Action.c(77): web_submit_data("emplogin") was successful, 5861 body bytes, 332 header bytes  	[MsgId: MMSG-26386]
Action.c(90): Notify: Transaction "Presto_Employee_04_Login" ended with a "Pass" status (Duration: 0.7311 Wasted Time: 0.0301).
Action.c(94): Notify: Transaction "Presto_Employee_05_DepositMoney_Link" started.
Action.c(98): web_reg_save_param started  	[MsgId: MMSG-26355]
Action.c(98): Registering web_reg_save_param was successful  	[MsgId: MMSG-26390]
Action.c(106): web_url("Deposit Amount") started  	[MsgId: MMSG-26355]
Action.c(106): web_url("Deposit Amount") was successful, 5189 body bytes, 168 header bytes  	[MsgId: MMSG-26386]
Action.c(115): Notify: Transaction "Presto_Employee_05_DepositMoney_Link" ended with a "Pass" status (Duration: 0.2997 Wasted Time: 0.0241).
Action.c(117): bank id of logged in guy=567890
Action.c(121): Notify: Transaction "Presto_Employee_06_DepositMoney" started.
Action.c(123): web_reg_find started  	[MsgId: MMSG-26355]
Action.c(123): Registering web_reg_find was successful  	[MsgId: MMSG-26390]
Action.c(128): web_submit_data("deposit") started  	[MsgId: MMSG-26355]
Action.c(128): Registered web_reg_find successful for "Text=Added Amount Successfully" (count=1)  	[MsgId: MMSG-26364]
Action.c(128): web_submit_data("deposit") was successful, 5414 body bytes, 168 header bytes  	[MsgId: MMSG-26386]
Action.c(142): web_reg_find started  	[MsgId: MMSG-26355]
Action.c(142): Registering web_reg_find was successful  	[MsgId: MMSG-26390]
Action.c(147): web_url("welcome.jsp") started  	[MsgId: MMSG-26355]
Action.c(147): Registered web_reg_find successful for "Text=Your Last Login was at" (count=1)  	[MsgId: MMSG-26364]
Action.c(147): web_url("welcome.jsp") was successful, 5861 body bytes, 168 header bytes  	[MsgId: MMSG-26386]
Action.c(156): Notify: Transaction "Presto_Employee_06_DepositMoney" ended with a "Pass" status (Duration: 0.5689 Wasted Time: 0.0408).
Action.c(221): Notify: Transaction "Presto_Employee_07_logout" started.
Action.c(223): web_url("Logout") started  	[MsgId: MMSG-26355]
Action.c(223): Redirecting "http://35.162.119.3/Presto/emp/logout.action" (redirection depth is 0)  	[MsgId: MMSG-26694]
Action.c(223): To location "http://35.162.119.3/Presto/login-portal.jsp"  	[MsgId: MMSG-26693]
Action.c(223): web_url("Logout") was successful, 4038 body bytes, 333 header bytes  	[MsgId: MMSG-26386]
Action.c(232): Notify: Transaction "Presto_Employee_07_logout" ended with a "Pass" status (Duration: 0.4650 Wasted Time: 0.0168).
Ending action Action.
Ending iteration 1.
Ending Vuser...
Starting action vuser_end.
Ending action vuser_end.
Vuser Terminated.
